  [1m[35m (0.1ms)[0m  [1m[35mBEGIN[0m
  [1m[35m (0.1ms)[0m  [1m[31mROLLBACK[0m
  [1m[35m (0.6ms)[0m  [1m[35mBEGIN[0m
  [1m[35m (0.1ms)[0m  [1m[31mROLLBACK[0m
  [1m[35m (0.2ms)[0m  [1m[35mBEGIN[0m
  [1m[35m (0.2ms)[0m  [1m[31mROLLBACK[0m
  [1m[35m (0.2ms)[0m  [1m[35mBEGIN[0m
  [1m[35m (0.3ms)[0m  [1m[31mROLLBACK[0m
  [1m[36mActiveRecord::SchemaMigration Load (15.7ms)[0m  [1m[34mSELECT `schema_migrations`.* FROM `schema_migrations`[0m
  [1m[35m (0.1ms)[0m  [1m[34mSELECT DATABASE() as db[0m
  [1m[35m (4.0ms)[0m  [1m[34mSELECT GET_LOCK('8363530219080587145', 0);[0m
  [1m[36mActiveRecord::SchemaMigration Load (0.1ms)[0m  [1m[34mSELECT `schema_migrations`.* FROM `schema_migrations`[0m
Migrating to CreateSectionEdits (20161104124819)
  [1m[35m (24.8ms)[0m  [1m[35mDROP TABLE `section_edits`[0m
  [1m[35mSQL (1.8ms)[0m  [1m[31mDELETE FROM `schema_migrations` WHERE `schema_migrations`.`version` = '20161104124819'[0m
  [1m[35m (0.2ms)[0m  [1m[34mSELECT RELEASE_LOCK('8363530219080587145')[0m
  [1m[36mActiveRecord::SchemaMigration Load (0.1ms)[0m  [1m[34mSELECT `schema_migrations`.* FROM `schema_migrations`[0m
  [1m[35m (14.5ms)[0m  [1m[35mSHOW CREATE TABLE `admin_users`[0m
  [1m[35m (0.3ms)[0m  [1m[35mSHOW TABLE STATUS LIKE 'admin_users'[0m
  [1m[35m (0.2ms)[0m  [1m[35mSHOW CREATE TABLE `admin_users_pages`[0m
  [1m[35m (0.1ms)[0m  [1m[35mSHOW CREATE TABLE `pages`[0m
  [1m[35m (0.2ms)[0m  [1m[35mSHOW TABLE STATUS LIKE 'pages'[0m
  [1m[35m (0.1ms)[0m  [1m[35mSHOW CREATE TABLE `sections`[0m
  [1m[35m (0.3ms)[0m  [1m[35mSHOW TABLE STATUS LIKE 'sections'[0m
  [1m[35m (0.1ms)[0m  [1m[35mSHOW CREATE TABLE `subjects`[0m
  [1m[35m (0.2ms)[0m  [1m[35mSHOW TABLE STATUS LIKE 'subjects'[0m
  [1m[35m (0.2ms)[0m  [1m[34mSELECT fk.referenced_table_name as 'to_table'
      ,fk.referenced_column_name as 'primary_key'
      ,fk.column_name as 'column'
      ,fk.constraint_name as 'name'
FROM information_schema.key_column_usage fk
WHERE fk.referenced_column_name is not null
  AND fk.table_schema = 'simple_cms_development'
  AND fk.table_name = 'admin_users'
[0m
  [1m[35m (0.2ms)[0m  [1m[34mSELECT fk.referenced_table_name as 'to_table'
      ,fk.referenced_column_name as 'primary_key'
      ,fk.column_name as 'column'
      ,fk.constraint_name as 'name'
FROM information_schema.key_column_usage fk
WHERE fk.referenced_column_name is not null
  AND fk.table_schema = 'simple_cms_development'
  AND fk.table_name = 'admin_users_pages'
[0m
  [1m[35m (0.2ms)[0m  [1m[34mSELECT fk.referenced_table_name as 'to_table'
      ,fk.referenced_column_name as 'primary_key'
      ,fk.column_name as 'column'
      ,fk.constraint_name as 'name'
FROM information_schema.key_column_usage fk
WHERE fk.referenced_column_name is not null
  AND fk.table_schema = 'simple_cms_development'
  AND fk.table_name = 'pages'
[0m
  [1m[35m (0.2ms)[0m  [1m[34mSELECT fk.referenced_table_name as 'to_table'
      ,fk.referenced_column_name as 'primary_key'
      ,fk.column_name as 'column'
      ,fk.constraint_name as 'name'
FROM information_schema.key_column_usage fk
WHERE fk.referenced_column_name is not null
  AND fk.table_schema = 'simple_cms_development'
  AND fk.table_name = 'sections'
[0m
  [1m[35m (0.1ms)[0m  [1m[34mSELECT fk.referenced_table_name as 'to_table'
      ,fk.referenced_column_name as 'primary_key'
      ,fk.column_name as 'column'
      ,fk.constraint_name as 'name'
FROM information_schema.key_column_usage fk
WHERE fk.referenced_column_name is not null
  AND fk.table_schema = 'simple_cms_development'
  AND fk.table_name = 'subjects'
[0m
  [1m[35m (0.1ms)[0m  [1m[34mSELECT DATABASE() as db[0m
  [1m[35m (0.2ms)[0m  [1m[34mSELECT GET_LOCK('8363530219080587145', 0);[0m
  [1m[36mActiveRecord::SchemaMigration Load (13.6ms)[0m  [1m[34mSELECT `schema_migrations`.* FROM `schema_migrations`[0m
Migrating to CreateSectionEdits (20161104124819)
  [1m[35m (25.7ms)[0m  [1m[35mCREATE TABLE `section_edits` (`id` int AUTO_INCREMENT PRIMARY KEY, `admin_user_id` int, `section_id` int, `summary` varchar(255), `created_at` datetime NOT NULL, `updated_at` datetime NOT NULL) ENGINE=InnoDB[0m
  [1m[35m (7.3ms)[0m  [1m[35mCREATE  INDEX `index_section_edits_on_admin_user_id_and_section_id`  ON `section_edits` (`admin_user_id`, `section_id`) [0m
  [1m[35m (0.3ms)[0m  [1m[35mBEGIN[0m
  [1m[35mSQL (0.4ms)[0m  [1m[32mINSERT INTO `schema_migrations` (`version`) VALUES ('20161104124819')[0m
  [1m[35m (1.7ms)[0m  [1m[35mCOMMIT[0m
  [1m[36mActiveRecord::InternalMetadata Load (0.2ms)[0m  [1m[34mSELECT  `ar_internal_metadata`.* FROM `ar_internal_metadata` WHERE `ar_internal_metadata`.`key` = 'environment' LIMIT 1[0m
  [1m[35m (0.1ms)[0m  [1m[35mBEGIN[0m
  [1m[35m (0.1ms)[0m  [1m[35mCOMMIT[0m
  [1m[35m (2.3ms)[0m  [1m[34mSELECT RELEASE_LOCK('8363530219080587145')[0m
  [1m[36mActiveRecord::SchemaMigration Load (0.1ms)[0m  [1m[34mSELECT `schema_migrations`.* FROM `schema_migrations`[0m
  [1m[35m (0.2ms)[0m  [1m[35mSHOW CREATE TABLE `admin_users`[0m
  [1m[35m (0.2ms)[0m  [1m[35mSHOW TABLE STATUS LIKE 'admin_users'[0m
  [1m[35m (0.1ms)[0m  [1m[35mSHOW CREATE TABLE `admin_users_pages`[0m
  [1m[35m (0.1ms)[0m  [1m[35mSHOW CREATE TABLE `pages`[0m
  [1m[35m (0.3ms)[0m  [1m[35mSHOW TABLE STATUS LIKE 'pages'[0m
  [1m[35m (0.1ms)[0m  [1m[35mSHOW CREATE TABLE `section_edits`[0m
  [1m[35m (0.3ms)[0m  [1m[35mSHOW TABLE STATUS LIKE 'section_edits'[0m
  [1m[35m (0.1ms)[0m  [1m[35mSHOW CREATE TABLE `sections`[0m
  [1m[35m (0.2ms)[0m  [1m[35mSHOW TABLE STATUS LIKE 'sections'[0m
  [1m[35m (0.1ms)[0m  [1m[35mSHOW CREATE TABLE `subjects`[0m
  [1m[35m (0.2ms)[0m  [1m[35mSHOW TABLE STATUS LIKE 'subjects'[0m
  [1m[35m (0.3ms)[0m  [1m[34mSELECT fk.referenced_table_name as 'to_table'
      ,fk.referenced_column_name as 'primary_key'
      ,fk.column_name as 'column'
      ,fk.constraint_name as 'name'
FROM information_schema.key_column_usage fk
WHERE fk.referenced_column_name is not null
  AND fk.table_schema = 'simple_cms_development'
  AND fk.table_name = 'admin_users'
[0m
  [1m[35m (0.2ms)[0m  [1m[34mSELECT fk.referenced_table_name as 'to_table'
      ,fk.referenced_column_name as 'primary_key'
      ,fk.column_name as 'column'
      ,fk.constraint_name as 'name'
FROM information_schema.key_column_usage fk
WHERE fk.referenced_column_name is not null
  AND fk.table_schema = 'simple_cms_development'
  AND fk.table_name = 'admin_users_pages'
[0m
  [1m[35m (0.1ms)[0m  [1m[34mSELECT fk.referenced_table_name as 'to_table'
      ,fk.referenced_column_name as 'primary_key'
      ,fk.column_name as 'column'
      ,fk.constraint_name as 'name'
FROM information_schema.key_column_usage fk
WHERE fk.referenced_column_name is not null
  AND fk.table_schema = 'simple_cms_development'
  AND fk.table_name = 'pages'
[0m
  [1m[35m (0.1ms)[0m  [1m[34mSELECT fk.referenced_table_name as 'to_table'
      ,fk.referenced_column_name as 'primary_key'
      ,fk.column_name as 'column'
      ,fk.constraint_name as 'name'
FROM information_schema.key_column_usage fk
WHERE fk.referenced_column_name is not null
  AND fk.table_schema = 'simple_cms_development'
  AND fk.table_name = 'section_edits'
[0m
  [1m[35m (0.1ms)[0m  [1m[34mSELECT fk.referenced_table_name as 'to_table'
      ,fk.referenced_column_name as 'primary_key'
      ,fk.column_name as 'column'
      ,fk.constraint_name as 'name'
FROM information_schema.key_column_usage fk
WHERE fk.referenced_column_name is not null
  AND fk.table_schema = 'simple_cms_development'
  AND fk.table_name = 'sections'
[0m
  [1m[35m (0.1ms)[0m  [1m[34mSELECT fk.referenced_table_name as 'to_table'
      ,fk.referenced_column_name as 'primary_key'
      ,fk.column_name as 'column'
      ,fk.constraint_name as 'name'
FROM information_schema.key_column_usage fk
WHERE fk.referenced_column_name is not null
  AND fk.table_schema = 'simple_cms_development'
  AND fk.table_name = 'subjects'
[0m
  [1m[35m (0.2ms)[0m  [1m[35mBEGIN[0m
  [1m[35m (0.1ms)[0m  [1m[31mROLLBACK[0m
  [1m[36mActiveRecord::SchemaMigration Load (0.3ms)[0m  [1m[34mSELECT `schema_migrations`.* FROM `schema_migrations`[0m
  [1m[35m (0.1ms)[0m  [1m[34mSELECT DATABASE() as db[0m
  [1m[35m (0.1ms)[0m  [1m[34mSELECT GET_LOCK('8363530219080587145', 0);[0m
  [1m[36mActiveRecord::SchemaMigration Load (0.2ms)[0m  [1m[34mSELECT `schema_migrations`.* FROM `schema_migrations`[0m
Migrating to CreateSectionEdits (20161104124819)
  [1m[35m (11.3ms)[0m  [1m[35mDROP TABLE `section_edits`[0m
  [1m[35mSQL (1.3ms)[0m  [1m[31mDELETE FROM `schema_migrations` WHERE `schema_migrations`.`version` = '20161104124819'[0m
  [1m[35m (0.1ms)[0m  [1m[34mSELECT RELEASE_LOCK('8363530219080587145')[0m
  [1m[36mActiveRecord::SchemaMigration Load (0.1ms)[0m  [1m[34mSELECT `schema_migrations`.* FROM `schema_migrations`[0m
  [1m[35m (0.1ms)[0m  [1m[35mSHOW CREATE TABLE `admin_users`[0m
  [1m[35m (0.2ms)[0m  [1m[35mSHOW TABLE STATUS LIKE 'admin_users'[0m
  [1m[35m (0.1ms)[0m  [1m[35mSHOW CREATE TABLE `admin_users_pages`[0m
  [1m[35m (0.1ms)[0m  [1m[35mSHOW CREATE TABLE `pages`[0m
  [1m[35m (0.2ms)[0m  [1m[35mSHOW TABLE STATUS LIKE 'pages'[0m
  [1m[35m (0.1ms)[0m  [1m[35mSHOW CREATE TABLE `sections`[0m
  [1m[35m (0.2ms)[0m  [1m[35mSHOW TABLE STATUS LIKE 'sections'[0m
  [1m[35m (0.1ms)[0m  [1m[35mSHOW CREATE TABLE `subjects`[0m
  [1m[35m (0.2ms)[0m  [1m[35mSHOW TABLE STATUS LIKE 'subjects'[0m
  [1m[35m (0.2ms)[0m  [1m[34mSELECT fk.referenced_table_name as 'to_table'
      ,fk.referenced_column_name as 'primary_key'
      ,fk.column_name as 'column'
      ,fk.constraint_name as 'name'
FROM information_schema.key_column_usage fk
WHERE fk.referenced_column_name is not null
  AND fk.table_schema = 'simple_cms_development'
  AND fk.table_name = 'admin_users'
[0m
  [1m[35m (0.2ms)[0m  [1m[34mSELECT fk.referenced_table_name as 'to_table'
      ,fk.referenced_column_name as 'primary_key'
      ,fk.column_name as 'column'
      ,fk.constraint_name as 'name'
FROM information_schema.key_column_usage fk
WHERE fk.referenced_column_name is not null
  AND fk.table_schema = 'simple_cms_development'
  AND fk.table_name = 'admin_users_pages'
[0m
  [1m[35m (0.1ms)[0m  [1m[34mSELECT fk.referenced_table_name as 'to_table'
      ,fk.referenced_column_name as 'primary_key'
      ,fk.column_name as 'column'
      ,fk.constraint_name as 'name'
FROM information_schema.key_column_usage fk
WHERE fk.referenced_column_name is not null
  AND fk.table_schema = 'simple_cms_development'
  AND fk.table_name = 'pages'
[0m
  [1m[35m (0.1ms)[0m  [1m[34mSELECT fk.referenced_table_name as 'to_table'
      ,fk.referenced_column_name as 'primary_key'
      ,fk.column_name as 'column'
      ,fk.constraint_name as 'name'
FROM information_schema.key_column_usage fk
WHERE fk.referenced_column_name is not null
  AND fk.table_schema = 'simple_cms_development'
  AND fk.table_name = 'sections'
[0m
  [1m[35m (0.2ms)[0m  [1m[34mSELECT fk.referenced_table_name as 'to_table'
      ,fk.referenced_column_name as 'primary_key'
      ,fk.column_name as 'column'
      ,fk.constraint_name as 'name'
FROM information_schema.key_column_usage fk
WHERE fk.referenced_column_name is not null
  AND fk.table_schema = 'simple_cms_development'
  AND fk.table_name = 'subjects'
[0m
  [1m[35m (0.1ms)[0m  [1m[34mSELECT DATABASE() as db[0m
  [1m[35m (0.2ms)[0m  [1m[34mSELECT GET_LOCK('8363530219080587145', 0);[0m
  [1m[36mActiveRecord::SchemaMigration Load (0.5ms)[0m  [1m[34mSELECT `schema_migrations`.* FROM `schema_migrations`[0m
Migrating to CreateSectionEdits (20161104124819)
  [1m[35m (18.2ms)[0m  [1m[35mCREATE TABLE `section_edits` (`id` int AUTO_INCREMENT PRIMARY KEY, `admin_user_id` int, `section_id` int, `summary` varchar(255), `created_at` datetime NOT NULL, `updated_at` datetime NOT NULL) ENGINE=InnoDB[0m
  [1m[35m (4.5ms)[0m  [1m[35mCREATE  INDEX `index_section_edits_on_admin_user_id_and_section_id`  ON `section_edits` (`admin_user_id`, `section_id`) [0m
  [1m[35m (0.4ms)[0m  [1m[35mBEGIN[0m
  [1m[35mSQL (0.4ms)[0m  [1m[32mINSERT INTO `schema_migrations` (`version`) VALUES ('20161104124819')[0m
  [1m[35m (0.7ms)[0m  [1m[35mCOMMIT[0m
  [1m[36mActiveRecord::InternalMetadata Load (0.2ms)[0m  [1m[34mSELECT  `ar_internal_metadata`.* FROM `ar_internal_metadata` WHERE `ar_internal_metadata`.`key` = 'environment' LIMIT 1[0m
  [1m[35m (0.1ms)[0m  [1m[35mBEGIN[0m
  [1m[35m (0.1ms)[0m  [1m[35mCOMMIT[0m
  [1m[35m (0.1ms)[0m  [1m[34mSELECT RELEASE_LOCK('8363530219080587145')[0m
  [1m[36mActiveRecord::SchemaMigration Load (0.1ms)[0m  [1m[34mSELECT `schema_migrations`.* FROM `schema_migrations`[0m
  [1m[35m (0.1ms)[0m  [1m[35mSHOW CREATE TABLE `admin_users`[0m
  [1m[35m (0.2ms)[0m  [1m[35mSHOW TABLE STATUS LIKE 'admin_users'[0m
  [1m[35m (0.1ms)[0m  [1m[35mSHOW CREATE TABLE `admin_users_pages`[0m
  [1m[35m (0.1ms)[0m  [1m[35mSHOW CREATE TABLE `pages`[0m
  [1m[35m (0.2ms)[0m  [1m[35mSHOW TABLE STATUS LIKE 'pages'[0m
  [1m[35m (0.1ms)[0m  [1m[35mSHOW CREATE TABLE `section_edits`[0m
  [1m[35m (0.2ms)[0m  [1m[35mSHOW TABLE STATUS LIKE 'section_edits'[0m
  [1m[35m (0.1ms)[0m  [1m[35mSHOW CREATE TABLE `sections`[0m
  [1m[35m (0.2ms)[0m  [1m[35mSHOW TABLE STATUS LIKE 'sections'[0m
  [1m[35m (0.1ms)[0m  [1m[35mSHOW CREATE TABLE `subjects`[0m
  [1m[35m (0.2ms)[0m  [1m[35mSHOW TABLE STATUS LIKE 'subjects'[0m
  [1m[35m (0.2ms)[0m  [1m[34mSELECT fk.referenced_table_name as 'to_table'
      ,fk.referenced_column_name as 'primary_key'
      ,fk.column_name as 'column'
      ,fk.constraint_name as 'name'
FROM information_schema.key_column_usage fk
WHERE fk.referenced_column_name is not null
  AND fk.table_schema = 'simple_cms_development'
  AND fk.table_name = 'admin_users'
[0m
  [1m[35m (0.1ms)[0m  [1m[34mSELECT fk.referenced_table_name as 'to_table'
      ,fk.referenced_column_name as 'primary_key'
      ,fk.column_name as 'column'
      ,fk.constraint_name as 'name'
FROM information_schema.key_column_usage fk
WHERE fk.referenced_column_name is not null
  AND fk.table_schema = 'simple_cms_development'
  AND fk.table_name = 'admin_users_pages'
[0m
  [1m[35m (0.1ms)[0m  [1m[34mSELECT fk.referenced_table_name as 'to_table'
      ,fk.referenced_column_name as 'primary_key'
      ,fk.column_name as 'column'
      ,fk.constraint_name as 'name'
FROM information_schema.key_column_usage fk
WHERE fk.referenced_column_name is not null
  AND fk.table_schema = 'simple_cms_development'
  AND fk.table_name = 'pages'
[0m
  [1m[35m (0.1ms)[0m  [1m[34mSELECT fk.referenced_table_name as 'to_table'
      ,fk.referenced_column_name as 'primary_key'
      ,fk.column_name as 'column'
      ,fk.constraint_name as 'name'
FROM information_schema.key_column_usage fk
WHERE fk.referenced_column_name is not null
  AND fk.table_schema = 'simple_cms_development'
  AND fk.table_name = 'section_edits'
[0m
  [1m[35m (0.2ms)[0m  [1m[34mSELECT fk.referenced_table_name as 'to_table'
      ,fk.referenced_column_name as 'primary_key'
      ,fk.column_name as 'column'
      ,fk.constraint_name as 'name'
FROM information_schema.key_column_usage fk
WHERE fk.referenced_column_name is not null
  AND fk.table_schema = 'simple_cms_development'
  AND fk.table_name = 'sections'
[0m
  [1m[35m (0.1ms)[0m  [1m[34mSELECT fk.referenced_table_name as 'to_table'
      ,fk.referenced_column_name as 'primary_key'
      ,fk.column_name as 'column'
      ,fk.constraint_name as 'name'
FROM information_schema.key_column_usage fk
WHERE fk.referenced_column_name is not null
  AND fk.table_schema = 'simple_cms_development'
  AND fk.table_name = 'subjects'
[0m
  [1m[35m (0.2ms)[0m  [1m[35mBEGIN[0m
  [1m[35m (0.2ms)[0m  [1m[31mROLLBACK[0m
  [1m[36mActiveRecord::SchemaMigration Load (0.3ms)[0m  [1m[34mSELECT `schema_migrations`.* FROM `schema_migrations`[0m
  [1m[35m (0.1ms)[0m  [1m[34mSELECT DATABASE() as db[0m
  [1m[35m (0.3ms)[0m  [1m[34mSELECT GET_LOCK('8363530219080587145', 0);[0m
  [1m[36mActiveRecord::SchemaMigration Load (0.1ms)[0m  [1m[34mSELECT `schema_migrations`.* FROM `schema_migrations`[0m
Migrating to CreateSectionEdits (20161104124819)
  [1m[35m (13.1ms)[0m  [1m[35mDROP TABLE `section_edits`[0m
  [1m[35mSQL (2.2ms)[0m  [1m[31mDELETE FROM `schema_migrations` WHERE `schema_migrations`.`version` = '20161104124819'[0m
  [1m[35m (0.1ms)[0m  [1m[34mSELECT RELEASE_LOCK('8363530219080587145')[0m
  [1m[36mActiveRecord::SchemaMigration Load (0.1ms)[0m  [1m[34mSELECT `schema_migrations`.* FROM `schema_migrations`[0m
  [1m[35m (0.1ms)[0m  [1m[35mSHOW CREATE TABLE `admin_users`[0m
  [1m[35m (0.2ms)[0m  [1m[35mSHOW TABLE STATUS LIKE 'admin_users'[0m
  [1m[35m (0.1ms)[0m  [1m[35mSHOW CREATE TABLE `admin_users_pages`[0m
  [1m[35m (0.1ms)[0m  [1m[35mSHOW CREATE TABLE `pages`[0m
  [1m[35m (0.2ms)[0m  [1m[35mSHOW TABLE STATUS LIKE 'pages'[0m
  [1m[35m (0.1ms)[0m  [1m[35mSHOW CREATE TABLE `sections`[0m
  [1m[35m (0.2ms)[0m  [1m[35mSHOW TABLE STATUS LIKE 'sections'[0m
  [1m[35m (0.1ms)[0m  [1m[35mSHOW CREATE TABLE `subjects`[0m
  [1m[35m (0.2ms)[0m  [1m[35mSHOW TABLE STATUS LIKE 'subjects'[0m
  [1m[35m (0.2ms)[0m  [1m[34mSELECT fk.referenced_table_name as 'to_table'
      ,fk.referenced_column_name as 'primary_key'
      ,fk.column_name as 'column'
      ,fk.constraint_name as 'name'
FROM information_schema.key_column_usage fk
WHERE fk.referenced_column_name is not null
  AND fk.table_schema = 'simple_cms_development'
  AND fk.table_name = 'admin_users'
[0m
  [1m[35m (0.2ms)[0m  [1m[34mSELECT fk.referenced_table_name as 'to_table'
      ,fk.referenced_column_name as 'primary_key'
      ,fk.column_name as 'column'
      ,fk.constraint_name as 'name'
FROM information_schema.key_column_usage fk
WHERE fk.referenced_column_name is not null
  AND fk.table_schema = 'simple_cms_development'
  AND fk.table_name = 'admin_users_pages'
[0m
  [1m[35m (0.2ms)[0m  [1m[34mSELECT fk.referenced_table_name as 'to_table'
      ,fk.referenced_column_name as 'primary_key'
      ,fk.column_name as 'column'
      ,fk.constraint_name as 'name'
FROM information_schema.key_column_usage fk
WHERE fk.referenced_column_name is not null
  AND fk.table_schema = 'simple_cms_development'
  AND fk.table_name = 'pages'
[0m
  [1m[35m (0.2ms)[0m  [1m[34mSELECT fk.referenced_table_name as 'to_table'
      ,fk.referenced_column_name as 'primary_key'
      ,fk.column_name as 'column'
      ,fk.constraint_name as 'name'
FROM information_schema.key_column_usage fk
WHERE fk.referenced_column_name is not null
  AND fk.table_schema = 'simple_cms_development'
  AND fk.table_name = 'sections'
[0m
  [1m[35m (0.2ms)[0m  [1m[34mSELECT fk.referenced_table_name as 'to_table'
      ,fk.referenced_column_name as 'primary_key'
      ,fk.column_name as 'column'
      ,fk.constraint_name as 'name'
FROM information_schema.key_column_usage fk
WHERE fk.referenced_column_name is not null
  AND fk.table_schema = 'simple_cms_development'
  AND fk.table_name = 'subjects'
[0m
  [1m[35m (0.1ms)[0m  [1m[34mSELECT DATABASE() as db[0m
  [1m[35m (0.1ms)[0m  [1m[34mSELECT GET_LOCK('8363530219080587145', 0);[0m
  [1m[36mActiveRecord::SchemaMigration Load (0.3ms)[0m  [1m[34mSELECT `schema_migrations`.* FROM `schema_migrations`[0m
Migrating to CreateSectionEdits (20161104124819)
  [1m[35m (13.1ms)[0m  [1m[35mCREATE TABLE `section_edits` (`id` int AUTO_INCREMENT PRIMARY KEY, `admin_user_id` int NOT NULL, `section_id` int NOT NULL, `summary` varchar(255), `created_at` datetime NOT NULL, `updated_at` datetime NOT NULL) ENGINE=InnoDB[0m
  [1m[35m (3.4ms)[0m  [1m[35mCREATE  INDEX `index_section_edits_on_admin_user_id_and_section_id`  ON `section_edits` (`admin_user_id`, `section_id`) [0m
  [1m[35m (0.3ms)[0m  [1m[35mBEGIN[0m
  [1m[35mSQL (0.3ms)[0m  [1m[32mINSERT INTO `schema_migrations` (`version`) VALUES ('20161104124819')[0m
  [1m[35m (1.1ms)[0m  [1m[35mCOMMIT[0m
  [1m[36mActiveRecord::InternalMetadata Load (0.2ms)[0m  [1m[34mSELECT  `ar_internal_metadata`.* FROM `ar_internal_metadata` WHERE `ar_internal_metadata`.`key` = 'environment' LIMIT 1[0m
  [1m[35m (0.1ms)[0m  [1m[35mBEGIN[0m
  [1m[35m (0.1ms)[0m  [1m[35mCOMMIT[0m
  [1m[35m (0.1ms)[0m  [1m[34mSELECT RELEASE_LOCK('8363530219080587145')[0m
  [1m[36mActiveRecord::SchemaMigration Load (0.2ms)[0m  [1m[34mSELECT `schema_migrations`.* FROM `schema_migrations`[0m
  [1m[35m (0.2ms)[0m  [1m[35mSHOW CREATE TABLE `admin_users`[0m
  [1m[35m (0.2ms)[0m  [1m[35mSHOW TABLE STATUS LIKE 'admin_users'[0m
  [1m[35m (0.1ms)[0m  [1m[35mSHOW CREATE TABLE `admin_users_pages`[0m
  [1m[35m (0.1ms)[0m  [1m[35mSHOW CREATE TABLE `pages`[0m
  [1m[35m (0.2ms)[0m  [1m[35mSHOW TABLE STATUS LIKE 'pages'[0m
  [1m[35m (0.1ms)[0m  [1m[35mSHOW CREATE TABLE `section_edits`[0m
  [1m[35m (0.2ms)[0m  [1m[35mSHOW TABLE STATUS LIKE 'section_edits'[0m
  [1m[35m (0.1ms)[0m  [1m[35mSHOW CREATE TABLE `sections`[0m
  [1m[35m (0.2ms)[0m  [1m[35mSHOW TABLE STATUS LIKE 'sections'[0m
  [1m[35m (0.1ms)[0m  [1m[35mSHOW CREATE TABLE `subjects`[0m
  [1m[35m (0.2ms)[0m  [1m[35mSHOW TABLE STATUS LIKE 'subjects'[0m
  [1m[35m (0.2ms)[0m  [1m[34mSELECT fk.referenced_table_name as 'to_table'
      ,fk.referenced_column_name as 'primary_key'
      ,fk.column_name as 'column'
      ,fk.constraint_name as 'name'
FROM information_schema.key_column_usage fk
WHERE fk.referenced_column_name is not null
  AND fk.table_schema = 'simple_cms_development'
  AND fk.table_name = 'admin_users'
[0m
  [1m[35m (0.1ms)[0m  [1m[34mSELECT fk.referenced_table_name as 'to_table'
      ,fk.referenced_column_name as 'primary_key'
      ,fk.column_name as 'column'
      ,fk.constraint_name as 'name'
FROM information_schema.key_column_usage fk
WHERE fk.referenced_column_name is not null
  AND fk.table_schema = 'simple_cms_development'
  AND fk.table_name = 'admin_users_pages'
[0m
  [1m[35m (0.1ms)[0m  [1m[34mSELECT fk.referenced_table_name as 'to_table'
      ,fk.referenced_column_name as 'primary_key'
      ,fk.column_name as 'column'
      ,fk.constraint_name as 'name'
FROM information_schema.key_column_usage fk
WHERE fk.referenced_column_name is not null
  AND fk.table_schema = 'simple_cms_development'
  AND fk.table_name = 'pages'
[0m
  [1m[35m (0.1ms)[0m  [1m[34mSELECT fk.referenced_table_name as 'to_table'
      ,fk.referenced_column_name as 'primary_key'
      ,fk.column_name as 'column'
      ,fk.constraint_name as 'name'
FROM information_schema.key_column_usage fk
WHERE fk.referenced_column_name is not null
  AND fk.table_schema = 'simple_cms_development'
  AND fk.table_name = 'section_edits'
[0m
  [1m[35m (0.2ms)[0m  [1m[34mSELECT fk.referenced_table_name as 'to_table'
      ,fk.referenced_column_name as 'primary_key'
      ,fk.column_name as 'column'
      ,fk.constraint_name as 'name'
FROM information_schema.key_column_usage fk
WHERE fk.referenced_column_name is not null
  AND fk.table_schema = 'simple_cms_development'
  AND fk.table_name = 'sections'
[0m
  [1m[35m (0.1ms)[0m  [1m[34mSELECT fk.referenced_table_name as 'to_table'
      ,fk.referenced_column_name as 'primary_key'
      ,fk.column_name as 'column'
      ,fk.constraint_name as 'name'
FROM information_schema.key_column_usage fk
WHERE fk.referenced_column_name is not null
  AND fk.table_schema = 'simple_cms_development'
  AND fk.table_name = 'subjects'
[0m
  [1m[35m (0.1ms)[0m  [1m[34mSELECT DATABASE() as db[0m
  [1m[35m (0.1ms)[0m  [1m[34mSELECT GET_LOCK('8363530219080587145', 0);[0m
  [1m[36mActiveRecord::SchemaMigration Load (0.3ms)[0m  [1m[34mSELECT `schema_migrations`.* FROM `schema_migrations`[0m
  [1m[36mActiveRecord::InternalMetadata Load (0.2ms)[0m  [1m[34mSELECT  `ar_internal_metadata`.* FROM `ar_internal_metadata` WHERE `ar_internal_metadata`.`key` = 'environment' LIMIT 1[0m
  [1m[35m (0.1ms)[0m  [1m[35mBEGIN[0m
  [1m[35m (0.1ms)[0m  [1m[35mCOMMIT[0m
  [1m[35m (0.1ms)[0m  [1m[34mSELECT RELEASE_LOCK('8363530219080587145')[0m
  [1m[36mActiveRecord::SchemaMigration Load (0.1ms)[0m  [1m[34mSELECT `schema_migrations`.* FROM `schema_migrations`[0m
  [1m[35m (0.1ms)[0m  [1m[35mSHOW CREATE TABLE `admin_users`[0m
  [1m[35m (0.2ms)[0m  [1m[35mSHOW TABLE STATUS LIKE 'admin_users'[0m
  [1m[35m (0.1ms)[0m  [1m[35mSHOW CREATE TABLE `admin_users_pages`[0m
  [1m[35m (0.1ms)[0m  [1m[35mSHOW CREATE TABLE `pages`[0m
  [1m[35m (0.2ms)[0m  [1m[35mSHOW TABLE STATUS LIKE 'pages'[0m
  [1m[35m (0.1ms)[0m  [1m[35mSHOW CREATE TABLE `section_edits`[0m
  [1m[35m (0.3ms)[0m  [1m[35mSHOW TABLE STATUS LIKE 'section_edits'[0m
  [1m[35m (0.2ms)[0m  [1m[35mSHOW CREATE TABLE `sections`[0m
  [1m[35m (0.2ms)[0m  [1m[35mSHOW TABLE STATUS LIKE 'sections'[0m
  [1m[35m (0.1ms)[0m  [1m[35mSHOW CREATE TABLE `subjects`[0m
  [1m[35m (0.2ms)[0m  [1m[35mSHOW TABLE STATUS LIKE 'subjects'[0m
  [1m[35m (0.2ms)[0m  [1m[34mSELECT fk.referenced_table_name as 'to_table'
      ,fk.referenced_column_name as 'primary_key'
      ,fk.column_name as 'column'
      ,fk.constraint_name as 'name'
FROM information_schema.key_column_usage fk
WHERE fk.referenced_column_name is not null
  AND fk.table_schema = 'simple_cms_development'
  AND fk.table_name = 'admin_users'
[0m
  [1m[35m (0.1ms)[0m  [1m[34mSELECT fk.referenced_table_name as 'to_table'
      ,fk.referenced_column_name as 'primary_key'
      ,fk.column_name as 'column'
      ,fk.constraint_name as 'name'
FROM information_schema.key_column_usage fk
WHERE fk.referenced_column_name is not null
  AND fk.table_schema = 'simple_cms_development'
  AND fk.table_name = 'admin_users_pages'
[0m
  [1m[35m (0.1ms)[0m  [1m[34mSELECT fk.referenced_table_name as 'to_table'
      ,fk.referenced_column_name as 'primary_key'
      ,fk.column_name as 'column'
      ,fk.constraint_name as 'name'
FROM information_schema.key_column_usage fk
WHERE fk.referenced_column_name is not null
  AND fk.table_schema = 'simple_cms_development'
  AND fk.table_name = 'pages'
[0m
  [1m[35m (0.2ms)[0m  [1m[34mSELECT fk.referenced_table_name as 'to_table'
      ,fk.referenced_column_name as 'primary_key'
      ,fk.column_name as 'column'
      ,fk.constraint_name as 'name'
FROM information_schema.key_column_usage fk
WHERE fk.referenced_column_name is not null
  AND fk.table_schema = 'simple_cms_development'
  AND fk.table_name = 'section_edits'
[0m
  [1m[35m (0.2ms)[0m  [1m[34mSELECT fk.referenced_table_name as 'to_table'
      ,fk.referenced_column_name as 'primary_key'
      ,fk.column_name as 'column'
      ,fk.constraint_name as 'name'
FROM information_schema.key_column_usage fk
WHERE fk.referenced_column_name is not null
  AND fk.table_schema = 'simple_cms_development'
  AND fk.table_name = 'sections'
[0m
  [1m[35m (0.1ms)[0m  [1m[34mSELECT fk.referenced_table_name as 'to_table'
      ,fk.referenced_column_name as 'primary_key'
      ,fk.column_name as 'column'
      ,fk.constraint_name as 'name'
FROM information_schema.key_column_usage fk
WHERE fk.referenced_column_name is not null
  AND fk.table_schema = 'simple_cms_development'
  AND fk.table_name = 'subjects'
[0m
  [1m[35m (0.2ms)[0m  [1m[35mBEGIN[0m
  [1m[35m (0.2ms)[0m  [1m[31mROLLBACK[0m
  [1m[35m (0.5ms)[0m  [1m[35mBEGIN[0m
  [1m[35m (0.1ms)[0m  [1m[31mROLLBACK[0m
  [1m[35m (0.2ms)[0m  [1m[35mBEGIN[0m
  [1m[35m (0.1ms)[0m  [1m[31mROLLBACK[0m
  [1m[36mPage Load (1.0ms)[0m  [1m[34mSELECT  `pages`.* FROM `pages` WHERE `pages`.`id` = 1 LIMIT 1[0m
  [1m[36mSubject Load (0.2ms)[0m  [1m[34mSELECT  `subjects`.* FROM `subjects` WHERE `subjects`.`id` = 1 LIMIT 1[0m
  [1m[36mPage Load (4.2ms)[0m  [1m[34mSELECT `pages`.* FROM `pages` WHERE `pages`.`subject_id` = 1[0m
  [1m[35m (0.2ms)[0m  [1m[35mBEGIN[0m
  [1m[35mSQL (0.5ms)[0m  [1m[32mINSERT INTO `pages` (`subject_id`, `name`, `permalink`, `position`, `created_at`, `updated_at`) VALUES (1, 'Second Page', 'second', 2, '2016-11-09 15:18:32', '2016-11-09 15:18:32')[0m
  [1m[35m (2.3ms)[0m  [1m[35mCOMMIT[0m
  [1m[35m (0.5ms)[0m  [1m[34mSELECT COUNT(*) FROM `pages` WHERE `pages`.`subject_id` = 1[0m
  [1m[35m (0.2ms)[0m  [1m[35mBEGIN[0m
  [1m[35mSQL (0.6ms)[0m  [1m[33mUPDATE `pages` SET `pages`.`subject_id` = NULL WHERE `pages`.`subject_id` = 1 AND `pages`.`id` = 3[0m
  [1m[35m (2.1ms)[0m  [1m[35mCOMMIT[0m
  [1m[36mAdminUser Load (0.2ms)[0m  [1m[34mSELECT  `admin_users`.* FROM `admin_users` WHERE `admin_users`.`id` = 1 LIMIT 1[0m
  [1m[36mSectionEdit Load (0.3ms)[0m  [1m[34mSELECT `section_edits`.* FROM `section_edits` WHERE `section_edits`.`admin_user_id` = 1[0m
  [1m[35m (0.2ms)[0m  [1m[35mBEGIN[0m
  [1m[35m (0.2ms)[0m  [1m[31mROLLBACK[0m
  [1m[36mSubject Load (0.4ms)[0m  [1m[34mSELECT  `subjects`.* FROM `subjects` WHERE `subjects`.`id` = 3 LIMIT 1[0m
  [1m[36mSubject Load (0.4ms)[0m  [1m[34mSELECT  `subjects`.* FROM `subjects` WHERE `subjects`.`id` = 4 LIMIT 1[0m
  [1m[35m (0.2ms)[0m  [1m[35mBEGIN[0m
  [1m[35m (0.1ms)[0m  [1m[31mROLLBACK[0m
  [1m[35m (1.1ms)[0m  [1m[35mBEGIN[0m
  [1m[35m (0.1ms)[0m  [1m[31mROLLBACK[0m
  [1m[36mPage Load (0.4ms)[0m  [1m[34mSELECT `pages`.* FROM `pages`[0m
  [1m[36mAdminUser Load (0.6ms)[0m  [1m[34mSELECT `admin_users`.* FROM `admin_users`[0m
  [1m[36mPage Load (0.3ms)[0m  [1m[34mSELECT  `pages`.* FROM `pages` WHERE `pages`.`id` = 2 LIMIT 1[0m
  [1m[36mAdminUser Load (0.4ms)[0m  [1m[34mSELECT `admin_users`.* FROM `admin_users` INNER JOIN `admin_users_pages` ON `admin_users`.`id` = `admin_users_pages`.`admin_user_id` WHERE `admin_users_pages`.`page_id` = 2[0m
  [1m[36mPage Load (0.4ms)[0m  [1m[34mSELECT `pages`.* FROM `pages` INNER JOIN `admin_users_pages` ON `pages`.`id` = `admin_users_pages`.`page_id` WHERE `admin_users_pages`.`admin_user_id` = 1[0m
  [1m[35m (0.2ms)[0m  [1m[35mBEGIN[0m
  [1m[35m (0.1ms)[0m  [1m[31mROLLBACK[0m
  [1m[35m (0.2ms)[0m  [1m[35mBEGIN[0m
  [1m[35m (0.1ms)[0m  [1m[31mROLLBACK[0m
  [1m[35m (0.2ms)[0m  [1m[35mBEGIN[0m
  [1m[35m (0.1ms)[0m  [1m[31mROLLBACK[0m
  [1m[35m (0.3ms)[0m  [1m[35mBEGIN[0m
  [1m[35m (0.1ms)[0m  [1m[31mROLLBACK[0m
  [1m[35m (0.2ms)[0m  [1m[35mBEGIN[0m
  [1m[36mPage Load (0.6ms)[0m  [1m[34mSELECT  `pages`.* FROM `pages` WHERE `pages`.`id` = 1 LIMIT 1[0m
  [1m[35mSQL (0.3ms)[0m  [1m[32mINSERT INTO `sections` (`page_id`, `name`, `position`, `created_at`, `updated_at`) VALUES (1, 'Section One', 1, '2016-11-09 16:22:55', '2016-11-09 16:22:55')[0m
  [1m[35m (2.1ms)[0m  [1m[35mCOMMIT[0m
  [1m[36mAdminUser Load (0.4ms)[0m  [1m[34mSELECT  `admin_users`.* FROM `admin_users` WHERE `admin_users`.`id` = 1 LIMIT 1[0m
  [1m[36mPage Load (0.2ms)[0m  [1m[34mSELECT  `pages`.* FROM `pages` WHERE `pages`.`id` = 2 LIMIT 1[0m
  [1m[36mAdminUser Load (0.9ms)[0m  [1m[34mSELECT `admin_users`.* FROM `admin_users` INNER JOIN `admin_users_pages` ON `admin_users`.`id` = `admin_users_pages`.`admin_user_id` WHERE `admin_users_pages`.`page_id` = 2[0m
  [1m[36mPage Load (0.4ms)[0m  [1m[34mSELECT `pages`.* FROM `pages` INNER JOIN `admin_users_pages` ON `pages`.`id` = `admin_users_pages`.`page_id` WHERE `admin_users_pages`.`admin_user_id` = 1[0m
  [1m[36mActiveRecord::SchemaMigration Load (11.0ms)[0m  [1m[34mSELECT `schema_migrations`.* FROM `schema_migrations`[0m
  [1m[35m (0.1ms)[0m  [1m[34mSELECT DATABASE() as db[0m
  [1m[35m (0.1ms)[0m  [1m[34mSELECT GET_LOCK('8363530219080587145', 0);[0m
  [1m[36mActiveRecord::SchemaMigration Load (0.1ms)[0m  [1m[34mSELECT `schema_migrations`.* FROM `schema_migrations`[0m
Migrating to CreateSectionEdits (20161104124819)
  [1m[35m (15.8ms)[0m  [1m[35mDROP TABLE `section_edits`[0m
  [1m[35mSQL (1.2ms)[0m  [1m[31mDELETE FROM `schema_migrations` WHERE `schema_migrations`.`version` = '20161104124819'[0m
  [1m[35m (0.1ms)[0m  [1m[34mSELECT RELEASE_LOCK('8363530219080587145')[0m
  [1m[36mActiveRecord::SchemaMigration Load (0.1ms)[0m  [1m[34mSELECT `schema_migrations`.* FROM `schema_migrations`[0m
  [1m[35m (10.4ms)[0m  [1m[35mSHOW CREATE TABLE `admin_users`[0m
  [1m[35m (0.4ms)[0m  [1m[35mSHOW TABLE STATUS LIKE 'admin_users'[0m
  [1m[35m (0.1ms)[0m  [1m[35mSHOW CREATE TABLE `admin_users_pages`[0m
  [1m[35m (0.1ms)[0m  [1m[35mSHOW CREATE TABLE `pages`[0m
  [1m[35m (0.2ms)[0m  [1m[35mSHOW TABLE STATUS LIKE 'pages'[0m
  [1m[35m (0.1ms)[0m  [1m[35mSHOW CREATE TABLE `sections`[0m
  [1m[35m (0.2ms)[0m  [1m[35mSHOW TABLE STATUS LIKE 'sections'[0m
  [1m[35m (0.1ms)[0m  [1m[35mSHOW CREATE TABLE `subjects`[0m
  [1m[35m (0.2ms)[0m  [1m[35mSHOW TABLE STATUS LIKE 'subjects'[0m
  [1m[35m (0.1ms)[0m  [1m[34mSELECT fk.referenced_table_name as 'to_table'
      ,fk.referenced_column_name as 'primary_key'
      ,fk.column_name as 'column'
      ,fk.constraint_name as 'name'
FROM information_schema.key_column_usage fk
WHERE fk.referenced_column_name is not null
  AND fk.table_schema = 'simple_cms_development'
  AND fk.table_name = 'admin_users'
[0m
  [1m[35m (0.1ms)[0m  [1m[34mSELECT fk.referenced_table_name as 'to_table'
      ,fk.referenced_column_name as 'primary_key'
      ,fk.column_name as 'column'
      ,fk.constraint_name as 'name'
FROM information_schema.key_column_usage fk
WHERE fk.referenced_column_name is not null
  AND fk.table_schema = 'simple_cms_development'
  AND fk.table_name = 'admin_users_pages'
[0m
  [1m[35m (0.1ms)[0m  [1m[34mSELECT fk.referenced_table_name as 'to_table'
      ,fk.referenced_column_name as 'primary_key'
      ,fk.column_name as 'column'
      ,fk.constraint_name as 'name'
FROM information_schema.key_column_usage fk
WHERE fk.referenced_column_name is not null
  AND fk.table_schema = 'simple_cms_development'
  AND fk.table_name = 'pages'
[0m
  [1m[35m (0.1ms)[0m  [1m[34mSELECT fk.referenced_table_name as 'to_table'
      ,fk.referenced_column_name as 'primary_key'
      ,fk.column_name as 'column'
      ,fk.constraint_name as 'name'
FROM information_schema.key_column_usage fk
WHERE fk.referenced_column_name is not null
  AND fk.table_schema = 'simple_cms_development'
  AND fk.table_name = 'sections'
[0m
  [1m[35m (0.1ms)[0m  [1m[34mSELECT fk.referenced_table_name as 'to_table'
      ,fk.referenced_column_name as 'primary_key'
      ,fk.column_name as 'column'
      ,fk.constraint_name as 'name'
FROM information_schema.key_column_usage fk
WHERE fk.referenced_column_name is not null
  AND fk.table_schema = 'simple_cms_development'
  AND fk.table_name = 'subjects'
[0m
  [1m[35m (0.1ms)[0m  [1m[34mSELECT DATABASE() as db[0m
  [1m[35m (0.1ms)[0m  [1m[34mSELECT GET_LOCK('8363530219080587145', 0);[0m
  [1m[36mActiveRecord::SchemaMigration Load (0.2ms)[0m  [1m[34mSELECT `schema_migrations`.* FROM `schema_migrations`[0m
Migrating to CreateSectionEdits (20161104124819)
  [1m[35m (70.7ms)[0m  [1m[35mCREATE TABLE `section_edits` (`id` int AUTO_INCREMENT PRIMARY KEY, `admin_user_id` int, `section_id` int, `summary` varchar(255), `created_at` datetime NOT NULL, `updated_at` datetime NOT NULL) ENGINE=InnoDB[0m
  [1m[35m (3.3ms)[0m  [1m[35mCREATE  INDEX `index_section_edits_on_admin_user_id_and_section_id`  ON `section_edits` (`admin_user_id`, `section_id`) [0m
  [1m[35m (0.3ms)[0m  [1m[35mBEGIN[0m
  [1m[35mSQL (0.3ms)[0m  [1m[32mINSERT INTO `schema_migrations` (`version`) VALUES ('20161104124819')[0m
  [1m[35m (0.7ms)[0m  [1m[35mCOMMIT[0m
  [1m[36mActiveRecord::InternalMetadata Load (0.2ms)[0m  [1m[34mSELECT  `ar_internal_metadata`.* FROM `ar_internal_metadata` WHERE `ar_internal_metadata`.`key` = 'environment' LIMIT 1[0m
  [1m[35m (0.1ms)[0m  [1m[35mBEGIN[0m
  [1m[35m (0.1ms)[0m  [1m[35mCOMMIT[0m
  [1m[35m (0.1ms)[0m  [1m[34mSELECT RELEASE_LOCK('8363530219080587145')[0m
  [1m[36mActiveRecord::SchemaMigration Load (0.2ms)[0m  [1m[34mSELECT `schema_migrations`.* FROM `schema_migrations`[0m
  [1m[35m (0.1ms)[0m  [1m[35mSHOW CREATE TABLE `admin_users`[0m
  [1m[35m (0.2ms)[0m  [1m[35mSHOW TABLE STATUS LIKE 'admin_users'[0m
  [1m[35m (0.1ms)[0m  [1m[35mSHOW CREATE TABLE `admin_users_pages`[0m
  [1m[35m (0.1ms)[0m  [1m[35mSHOW CREATE TABLE `pages`[0m
  [1m[35m (0.2ms)[0m  [1m[35mSHOW TABLE STATUS LIKE 'pages'[0m
  [1m[35m (0.1ms)[0m  [1m[35mSHOW CREATE TABLE `section_edits`[0m
  [1m[35m (0.2ms)[0m  [1m[35mSHOW TABLE STATUS LIKE 'section_edits'[0m
  [1m[35m (0.1ms)[0m  [1m[35mSHOW CREATE TABLE `sections`[0m
  [1m[35m (0.2ms)[0m  [1m[35mSHOW TABLE STATUS LIKE 'sections'[0m
  [1m[35m (0.1ms)[0m  [1m[35mSHOW CREATE TABLE `subjects`[0m
  [1m[35m (0.1ms)[0m  [1m[35mSHOW TABLE STATUS LIKE 'subjects'[0m
  [1m[35m (0.1ms)[0m  [1m[34mSELECT fk.referenced_table_name as 'to_table'
      ,fk.referenced_column_name as 'primary_key'
      ,fk.column_name as 'column'
      ,fk.constraint_name as 'name'
FROM information_schema.key_column_usage fk
WHERE fk.referenced_column_name is not null
  AND fk.table_schema = 'simple_cms_development'
  AND fk.table_name = 'admin_users'
[0m
  [1m[35m (0.1ms)[0m  [1m[34mSELECT fk.referenced_table_name as 'to_table'
      ,fk.referenced_column_name as 'primary_key'
      ,fk.column_name as 'column'
      ,fk.constraint_name as 'name'
FROM information_schema.key_column_usage fk
WHERE fk.referenced_column_name is not null
  AND fk.table_schema = 'simple_cms_development'
  AND fk.table_name = 'admin_users_pages'
[0m
  [1m[35m (0.1ms)[0m  [1m[34mSELECT fk.referenced_table_name as 'to_table'
      ,fk.referenced_column_name as 'primary_key'
      ,fk.column_name as 'column'
      ,fk.constraint_name as 'name'
FROM information_schema.key_column_usage fk
WHERE fk.referenced_column_name is not null
  AND fk.table_schema = 'simple_cms_development'
  AND fk.table_name = 'pages'
[0m
  [1m[35m (0.1ms)[0m  [1m[34mSELECT fk.referenced_table_name as 'to_table'
      ,fk.referenced_column_name as 'primary_key'
      ,fk.column_name as 'column'
      ,fk.constraint_name as 'name'
FROM information_schema.key_column_usage fk
WHERE fk.referenced_column_name is not null
  AND fk.table_schema = 'simple_cms_development'
  AND fk.table_name = 'section_edits'
[0m
  [1m[35m (0.1ms)[0m  [1m[34mSELECT fk.referenced_table_name as 'to_table'
      ,fk.referenced_column_name as 'primary_key'
      ,fk.column_name as 'column'
      ,fk.constraint_name as 'name'
FROM information_schema.key_column_usage fk
WHERE fk.referenced_column_name is not null
  AND fk.table_schema = 'simple_cms_development'
  AND fk.table_name = 'sections'
[0m
  [1m[35m (0.1ms)[0m  [1m[34mSELECT fk.referenced_table_name as 'to_table'
      ,fk.referenced_column_name as 'primary_key'
      ,fk.column_name as 'column'
      ,fk.constraint_name as 'name'
FROM information_schema.key_column_usage fk
WHERE fk.referenced_column_name is not null
  AND fk.table_schema = 'simple_cms_development'
  AND fk.table_name = 'subjects'
[0m
  [1m[36mAdminUser Load (0.4ms)[0m  [1m[34mSELECT  `admin_users`.* FROM `admin_users` WHERE `admin_users`.`id` = 1 LIMIT 1[0m
  [1m[36mSectionEdit Load (0.2ms)[0m  [1m[34mSELECT `section_edits`.* FROM `section_edits` WHERE `section_edits`.`admin_user_id` = 1[0m
  [1m[35m (0.1ms)[0m  [1m[35mBEGIN[0m
  [1m[35m (0.1ms)[0m  [1m[31mROLLBACK[0m
  [1m[35m (0.2ms)[0m  [1m[35mBEGIN[0m
  [1m[35m (0.1ms)[0m  [1m[31mROLLBACK[0m
  [1m[35m (0.7ms)[0m  [1m[35mBEGIN[0m
  [1m[35m (0.1ms)[0m  [1m[31mROLLBACK[0m
  [1m[35m (0.2ms)[0m  [1m[35mBEGIN[0m
  [1m[36mPage Load (0.4ms)[0m  [1m[34mSELECT  `pages`.* FROM `pages` WHERE `pages`.`id` = 2 LIMIT 1[0m
  [1m[35mSQL (0.4ms)[0m  [1m[32mINSERT INTO `sections` (`page_id`, `name`, `position`, `created_at`, `updated_at`) VALUES (2, 'Section One', 1, '2016-11-10 14:09:50', '2016-11-10 14:09:50')[0m
  [1m[35m (3.2ms)[0m  [1m[35mCOMMIT[0m
  [1m[36mSectionEdit Load (0.4ms)[0m  [1m[34mSELECT `section_edits`.* FROM `section_edits` WHERE `section_edits`.`section_id` = 2[0m
  [1m[35m (0.2ms)[0m  [1m[35mBEGIN[0m
  [1m[35m (0.1ms)[0m  [1m[35mCOMMIT[0m
  [1m[35m (0.3ms)[0m  [1m[35mBEGIN[0m
  [1m[35mSQL (0.3ms)[0m  [1m[32mINSERT INTO `section_edits` (`admin_user_id`, `section_id`, `summary`, `created_at`, `updated_at`) VALUES (1, 2, 'Test editi', '2016-11-10 14:12:20', '2016-11-10 14:12:20')[0m
  [1m[35m (1.8ms)[0m  [1m[35mCOMMIT[0m
DEPRECATION WARNING: Passing an argument to force an association to reload is now deprecated and will be removed in Rails 5.1. Please call `reload` on the result collection proxy instead. (called from irb_binding at (irb):25)
  [1m[36mSectionEdit Load (0.4ms)[0m  [1m[34mSELECT `section_edits`.* FROM `section_edits` WHERE `section_edits`.`admin_user_id` = 1[0m
  [1m[36mAdminUser Load (0.4ms)[0m  [1m[34mSELECT  `admin_users`.* FROM `admin_users` WHERE `admin_users`.`id` = 1 LIMIT 1[0m
  [1m[36mSectionEdit Load (0.5ms)[0m  [1m[34mSELECT `section_edits`.* FROM `section_edits` WHERE `section_edits`.`admin_user_id` = 1[0m
  [1m[36mSection Load (0.4ms)[0m  [1m[34mSELECT `sections`.* FROM `sections` INNER JOIN `section_edits` ON `sections`.`id` = `section_edits`.`section_id` WHERE `section_edits`.`admin_user_id` = 1[0m
  [1m[36mSection Load (0.4ms)[0m  [1m[34mSELECT  `sections`.* FROM `sections` ORDER BY `sections`.`id` ASC LIMIT 1[0m
  [1m[36mSectionEdit Load (0.3ms)[0m  [1m[34mSELECT `section_edits`.* FROM `section_edits` WHERE `section_edits`.`section_id` = 1[0m
  [1m[36mSection Load (0.4ms)[0m  [1m[34mSELECT  `sections`.* FROM `sections` ORDER BY `sections`.`id` ASC LIMIT 1[0m
  [1m[36mSectionEdit Load (0.7ms)[0m  [1m[34mSELECT `section_edits`.* FROM `section_edits` WHERE `section_edits`.`section_id` = 1[0m
  [1m[36mSection Load (0.5ms)[0m  [1m[34mSELECT  `sections`.* FROM `sections` WHERE `sections`.`id` = 1 LIMIT 1[0m
  [1m[36mSectionEdit Load (0.5ms)[0m  [1m[34mSELECT `section_edits`.* FROM `section_edits` WHERE `section_edits`.`section_id` = 1[0m
  [1m[36mSectionEdit Load (0.4ms)[0m  [1m[34mSELECT  `section_edits`.* FROM `section_edits` WHERE `section_edits`.`id` = 1 LIMIT 1[0m
  [1m[35m (0.2ms)[0m  [1m[35mBEGIN[0m
  [1m[36mAdminUser Load (0.3ms)[0m  [1m[34mSELECT  `admin_users`.* FROM `admin_users` WHERE `admin_users`.`id` = 1 LIMIT 1[0m
  [1m[35mSQL (0.5ms)[0m  [1m[33mUPDATE `section_edits` SET `section_id` = 1, `updated_at` = '2016-11-10 14:33:46' WHERE `section_edits`.`id` = 1[0m
  [1m[35m (2.7ms)[0m  [1m[35mCOMMIT[0m
  [1m[36mAdminUser Load (0.5ms)[0m  [1m[34mSELECT  `admin_users`.* FROM `admin_users` WHERE `admin_users`.`id` = 1 LIMIT 1[0m
  [1m[36mSectionEdit Load (0.4ms)[0m  [1m[34mSELECT `section_edits`.* FROM `section_edits` WHERE `section_edits`.`admin_user_id` = 1[0m
  [1m[36mSection Load (0.5ms)[0m  [1m[34mSELECT `sections`.* FROM `sections` INNER JOIN `section_edits` ON `sections`.`id` = `section_edits`.`section_id` WHERE `section_edits`.`admin_user_id` = 1[0m
  [1m[36mSection Load (0.3ms)[0m  [1m[34mSELECT  `sections`.* FROM `sections` ORDER BY `sections`.`id` ASC LIMIT 1[0m
  [1m[36mSectionEdit Load (0.3ms)[0m  [1m[34mSELECT `section_edits`.* FROM `section_edits` WHERE `section_edits`.`section_id` = 1[0m
